{
  "RSpec": {
    "coverage": {
      "/home/csvm/cosc480-hw3/app/helpers/application_helper.rb": [
        1,
        null
      ],
      "/home/csvm/cosc480-hw3/app/helpers/products_helper.rb": [
        1,
        null
      ],
      "/home/csvm/cosc480-hw3/app/controllers/products_controller.rb": [
        1,
        1,
        22,
        10,
        10,
        10,
        10,
        12,
        0,
        0,
        12,
        3,
        3,
        null,
        9,
        9,
        null,
        0,
        null,
        9,
        9,
        null,
        0,
        null,
        9,
        9,
        null,
        null,
        null,
        1,
        4,
        null,
        null,
        1,
        0,
        null,
        null,
        1,
        2,
        2,
        1,
        1,
        null,
        1,
        1,
        null,
        null,
        null,
        1,
        0,
        null,
        null,
        1,
        0,
        0,
        0,
        0,
        0,
        null,
        0,
        0,
        null,
        null,
        null,
        1,
        1,
        2,
        null,
        null
      ],
      "/home/csvm/cosc480-hw3/app/controllers/application_controller.rb": [
        1,
        null,
        null,
        1,
        null
      ],
      "/home/csvm/cosc480-hw3/app/models/product.rb": [
        1,
        null,
        1,
        null,
        1,
        null,
        1,
        40,
        8,
        32,
        12,
        20,
        12,
        null,
        8,
        null,
        null,
        null,
        1,
        33,
        11,
        22,
        11,
        3,
        null,
        8,
        null,
        null,
        11,
        4,
        null,
        7,
        null,
        null,
        null,
        null,
        1,
        10,
        10,
        10,
        0,
        10,
        0,
        10,
        0,
        null,
        10,
        null,
        null,
        null,
        1,
        13,
        12,
        null,
        1,
        null,
        null,
        null
      ]
    },
    "timestamp": 1426125547
  },
  "Cucumber Features": {
    "coverage": {
      "/home/csvm/cosc480-hw3/app/models/product.rb": [
        1,
        null,
        1,
        null,
        1,
        null,
        1,
        45,
        12,
        33,
        16,
        17,
        0,
        null,
        17,
        null,
        null,
        null,
        1,
        0,
        0,
        0,
        0,
        0,
        null,
        0,
        null,
        null,
        0,
        0,
        null,
        0,
        null,
        null,
        null,
        null,
        1,
        17,
        17,
        17,
        1,
        16,
        1,
        15,
        4,
        null,
        11,
        null,
        null,
        null,
        1,
        17,
        17,
        null,
        0,
        null,
        null,
        null
      ],
      "/home/csvm/cosc480-hw3/app/controllers/products_controller.rb": [
        1,
        1,
        34,
        17,
        17,
        17,
        17,
        17,
        4,
        4,
        13,
        3,
        3,
        null,
        10,
        9,
        null,
        1,
        null,
        10,
        9,
        null,
        1,
        null,
        10,
        10,
        null,
        null,
        null,
        1,
        3,
        null,
        null,
        1,
        2,
        null,
        null,
        1,
        2,
        2,
        2,
        2,
        null,
        0,
        0,
        null,
        null,
        null,
        1,
        1,
        null,
        null,
        1,
        1,
        1,
        1,
        1,
        1,
        null,
        0,
        0,
        null,
        null,
        null,
        1,
        1,
        3,
        null,
        null
      ],
      "/home/csvm/cosc480-hw3/app/controllers/application_controller.rb": [
        1,
        null,
        null,
        1,
        null
      ],
      "/home/csvm/cosc480-hw3/app/helpers/application_helper.rb": [
        1,
        null
      ],
      "/home/csvm/cosc480-hw3/app/helpers/products_helper.rb": [
        1,
        null
      ]
    },
    "timestamp": 1426125559
  }
}
